# JRE version: Java(TM) SE Runtime Environment (8.0_111-b14) (build 1.8.0_111-b14)
# Java VM: Java HotSpot(TM) 64-Bit Server VM (25.111-b14 mixed mode windows-amd64 compressed oops)
Heap:
 PSYoungGen      total 438784K, used 207359K [0x00000000d5900000, 0x0000000100000000, 0x0000000100000000)
  eden space 207360K, 99% used [0x00000000d5900000,0x00000000e237fff8,0x00000000e2380000)
  from space 231424K, 0% used [0x00000000e2380000,0x00000000e2380000,0x00000000f0580000)
  to   space 231424K, 0% used [0x00000000f1e00000,0x00000000f1e00000,0x0000000100000000)
 ParOldGen       total 1391616K, used 1391322K [0x0000000080a00000, 0x00000000d5900000, 0x00000000d5900000)
  object space 1391616K, 99% used [0x0000000080a00000,0x00000000d58b6b88,0x00000000d5900000)
 Metaspace       used 8398K, capacity 8594K, committed 8832K, reserved 1056768K
  class space    used 999K, capacity 1093K, committed 1152K, reserved 1048576K
GC Heap History (10 events):
Event: 239.027 GC heap after
Heap after GC invocations=62 (full 49):
 PSYoungGen      total 438784K, used 207359K [0x00000000d5900000, 0x0000000100000000, 0x0000000100000000)
  eden space 207360K, 99% used [0x00000000d5900000,0x00000000e237fff8,0x00000000e2380000)
  from space 231424K, 0% used [0x00000000e2380000,0x00000000e2380000,0x00000000f0580000)
  to   space 231424K, 0% used [0x00000000f1e00000,0x00000000f1e00000,0x0000000100000000)
 ParOldGen       total 1391616K, used 1391315K [0x0000000080a00000, 0x00000000d5900000, 0x00000000d5900000)
  object space 1391616K, 99% used [0x0000000080a00000,0x00000000d58b4d88,0x00000000d5900000)
 Metaspace       used 8398K, capacity 8594K, committed 8832K, reserved 1056768K
  class space    used 999K, capacity 1093K, committed 1152K, reserved 1048576K
}
Event: 239.027 GC heap before
{Heap before GC invocations=63 (full 50):
 PSYoungGen      total 438784K, used 207359K [0x00000000d5900000, 0x0000000100000000, 0x0000000100000000)
  eden space 207360K, 99% used [0x00000000d5900000,0x00000000e237fff8,0x00000000e2380000)
  from space 231424K, 0% used [0x00000000e2380000,0x00000000e2380000,0x00000000f0580000)
  to   space 231424K, 0% used [0x00000000f1e00000,0x00000000f1e00000,0x0000000100000000)
 ParOldGen       total 1391616K, used 1391316K [0x0000000080a00000, 0x00000000d5900000, 0x00000000d5900000)
  object space 1391616K, 99% used [0x0000000080a00000,0x00000000d58b5388,0x00000000d5900000)
 Metaspace       used 8398K, capacity 8594K, committed 8832K, reserved 1056768K
  class space    used 999K, capacity 1093K, committed 1152K, reserved 1048576K
Event: 243.144 GC heap after
Heap after GC invocations=63 (full 50):
 PSYoungGen      total 438784K, used 207359K [0x00000000d5900000, 0x0000000100000000, 0x0000000100000000)
  eden space 207360K, 99% used [0x00000000d5900000,0x00000000e237fff8,0x00000000e2380000)
  from space 231424K, 0% used [0x00000000e2380000,0x00000000e2380000,0x00000000f0580000)
  to   space 231424K, 0% used [0x00000000f1e00000,0x00000000f1e00000,0x0000000100000000)
 ParOldGen       total 1391616K, used 1391316K [0x0000000080a00000, 0x00000000d5900000, 0x00000000d5900000)
  object space 1391616K, 99% used [0x0000000080a00000,0x00000000d58b5388,0x00000000d5900000)
 Metaspace       used 8398K, capacity 8594K, committed 8832K, reserved 1056768K
  class space    used 999K, capacity 1093K, committed 1152K, reserved 1048576K
}
Event: 243.144 GC heap before
{Heap before GC invocations=64 (full 51):
 PSYoungGen      total 438784K, used 207359K [0x00000000d5900000, 0x0000000100000000, 0x0000000100000000)
  eden space 207360K, 99% used [0x00000000d5900000,0x00000000e237fff8,0x00000000e2380000)
  from space 231424K, 0% used [0x00000000e2380000,0x00000000e2380000,0x00000000f0580000)
  to   space 231424K, 0% used [0x00000000f1e00000,0x00000000f1e00000,0x0000000100000000)
 ParOldGen       total 1391616K, used 1391318K [0x0000000080a00000, 0x00000000d5900000, 0x00000000d5900000)
  object space 1391616K, 99% used [0x0000000080a00000,0x00000000d58b5988,0x00000000d5900000)
 Metaspace       used 8398K, capacity 8594K, committed 8832K, reserved 1056768K
  class space    used 999K, capacity 1093K, committed 1152K, reserved 1048576K
Event: 247.314 GC heap after
Heap after GC invocations=64 (full 51):
 PSYoungGen      total 438784K, used 207359K [0x00000000d5900000, 0x0000000100000000, 0x0000000100000000)
  eden space 207360K, 99% used [0x00000000d5900000,0x00000000e237fff8,0x00000000e2380000)
  from space 231424K, 0% used [0x00000000e2380000,0x00000000e2380000,0x00000000f0580000)
  to   space 231424K, 0% used [0x00000000f1e00000,0x00000000f1e00000,0x0000000100000000)
 ParOldGen       total 1391616K, used 1391318K [0x0000000080a00000, 0x00000000d5900000, 0x00000000d5900000)
  object space 1391616K, 99% used [0x0000000080a00000,0x00000000d58b5988,0x00000000d5900000)
 Metaspace       used 8398K, capacity 8594K, committed 8832K, reserved 1056768K
  class space    used 999K, capacity 1093K, committed 1152K, reserved 1048576K
}
Event: 247.314 GC heap before
{Heap before GC invocations=65 (full 52):
 PSYoungGen      total 438784K, used 207359K [0x00000000d5900000, 0x0000000100000000, 0x0000000100000000)
  eden space 207360K, 99% used [0x00000000d5900000,0x00000000e237fff8,0x00000000e2380000)
  from space 231424K, 0% used [0x00000000e2380000,0x00000000e2380000,0x00000000f0580000)
  to   space 231424K, 0% used [0x00000000f1e00000,0x00000000f1e00000,0x0000000100000000)
 ParOldGen       total 1391616K, used 1391319K [0x0000000080a00000, 0x00000000d5900000, 0x00000000d5900000)
  object space 1391616K, 99% used [0x0000000080a00000,0x00000000d58b5f88,0x00000000d5900000)
 Metaspace       used 8398K, capacity 8594K, committed 8832K, reserved 1056768K
  class space    used 999K, capacity 1093K, committed 1152K, reserved 1048576K
Event: 251.469 GC heap after
Heap after GC invocations=65 (full 52):
 PSYoungGen      total 438784K, used 207359K [0x00000000d5900000, 0x0000000100000000, 0x0000000100000000)
  eden space 207360K, 99% used [0x00000000d5900000,0x00000000e237fff8,0x00000000e2380000)
  from space 231424K, 0% used [0x00000000e2380000,0x00000000e2380000,0x00000000f0580000)
  to   space 231424K, 0% used [0x00000000f1e00000,0x00000000f1e00000,0x0000000100000000)
 ParOldGen       total 1391616K, used 1391319K [0x0000000080a00000, 0x00000000d5900000, 0x00000000d5900000)
  object space 1391616K, 99% used [0x0000000080a00000,0x00000000d58b5f88,0x00000000d5900000)
 Metaspace       used 8398K, capacity 8594K, committed 8832K, reserved 1056768K
  class space    used 999K, capacity 1093K, committed 1152K, reserved 1048576K
}
Event: 251.469 GC heap before
{Heap before GC invocations=66 (full 53):
 PSYoungGen      total 438784K, used 207359K [0x00000000d5900000, 0x0000000100000000, 0x0000000100000000)
  eden space 207360K, 99% used [0x00000000d5900000,0x00000000e237fff8,0x00000000e2380000)
  from space 231424K, 0% used [0x00000000e2380000,0x00000000e2380000,0x00000000f0580000)
  to   space 231424K, 0% used [0x00000000f1e00000,0x00000000f1e00000,0x0000000100000000)
 ParOldGen       total 1391616K, used 1391321K [0x0000000080a00000, 0x00000000d5900000, 0x00000000d5900000)
  object space 1391616K, 99% used [0x0000000080a00000,0x00000000d58b6588,0x00000000d5900000)
 Metaspace       used 8398K, capacity 8594K, committed 8832K, reserved 1056768K
  class space    used 999K, capacity 1093K, committed 1152K, reserved 1048576K
Event: 255.652 GC heap after
Heap after GC invocations=66 (full 53):
 PSYoungGen      total 438784K, used 207359K [0x00000000d5900000, 0x0000000100000000, 0x0000000100000000)
  eden space 207360K, 99% used [0x00000000d5900000,0x00000000e237fff8,0x00000000e2380000)
  from space 231424K, 0% used [0x00000000e2380000,0x00000000e2380000,0x00000000f0580000)
  to   space 231424K, 0% used [0x00000000f1e00000,0x00000000f1e00000,0x0000000100000000)
 ParOldGen       total 1391616K, used 1391321K [0x0000000080a00000, 0x00000000d5900000, 0x00000000d5900000)
  object space 1391616K, 99% used [0x0000000080a00000,0x00000000d58b6588,0x00000000d5900000)
 Metaspace       used 8398K, capacity 8594K, committed 8832K, reserved 1056768K
  class space    used 999K, capacity 1093K, committed 1152K, reserved 1048576K
}
Event: 255.652 GC heap before
{Heap before GC invocations=67 (full 54):
 PSYoungGen      total 438784K, used 207359K [0x00000000d5900000, 0x0000000100000000, 0x0000000100000000)
  eden space 207360K, 99% used [0x00000000d5900000,0x00000000e237fff8,0x00000000e2380000)
  from space 231424K, 0% used [0x00000000e2380000,0x00000000e2380000,0x00000000f0580000)
  to   space 231424K, 0% used [0x00000000f1e00000,0x00000000f1e00000,0x0000000100000000)
 ParOldGen       total 1391616K, used 1391322K [0x0000000080a00000, 0x00000000d5900000, 0x00000000d5900000)
  object space 1391616K, 99% used [0x0000000080a00000,0x00000000d58b6b88,0x00000000d5900000)
 Metaspace       used 8398K, capacity 8594K, committed 8832K, reserved 1056768K
  class space    used 999K, capacity 1093K, committed 1152K, reserved 1048576K

