# JRE version: Java(TM) SE Runtime Environment (8.0_111-b14) (build 1.8.0_111-b14)
# Java VM: Java HotSpot(TM) 64-Bit Server VM (25.111-b14 mixed mode windows-amd64 compressed oops)
Heap:
 PSYoungGen      total 344064K, used 218736K [0x00000000d5900000, 0x00000000fa400000, 0x0000000100000000)
  eden space 112640K, 100% used [0x00000000d5900000,0x00000000dc700000,0x00000000dc700000)
  from space 231424K, 45% used [0x00000000dc700000,0x00000000e2e9c3b8,0x00000000ea900000)
  to   space 231424K, 0% used [0x00000000ec200000,0x00000000ec200000,0x00000000fa400000)
 ParOldGen       total 1391616K, used 1391539K [0x0000000080a00000, 0x00000000d5900000, 0x00000000d5900000)
  object space 1391616K, 99% used [0x0000000080a00000,0x00000000d58ecf88,0x00000000d5900000)
 Metaspace       used 8828K, capacity 9004K, committed 9088K, reserved 1056768K
  class space    used 1058K, capacity 1120K, committed 1152K, reserved 1048576K
GC Heap History (10 events):
Event: 338.505 GC heap after
Heap after GC invocations=96 (full 68):
 PSYoungGen      total 344064K, used 218736K [0x00000000d5900000, 0x00000000fa400000, 0x0000000100000000)
  eden space 112640K, 100% used [0x00000000d5900000,0x00000000dc700000,0x00000000dc700000)
  from space 231424K, 45% used [0x00000000dc700000,0x00000000e2e9c3b8,0x00000000ea900000)
  to   space 231424K, 0% used [0x00000000ec200000,0x00000000ec200000,0x00000000fa400000)
 ParOldGen       total 1391616K, used 1391529K [0x0000000080a00000, 0x00000000d5900000, 0x00000000d5900000)
  object space 1391616K, 99% used [0x0000000080a00000,0x00000000d58ea538,0x00000000d5900000)
 Metaspace       used 8828K, capacity 9004K, committed 9088K, reserved 1056768K
  class space    used 1058K, capacity 1120K, committed 1152K, reserved 1048576K
}
Event: 338.505 GC heap before
{Heap before GC invocations=97 (full 69):
 PSYoungGen      total 344064K, used 218736K [0x00000000d5900000, 0x00000000fa400000, 0x0000000100000000)
  eden space 112640K, 100% used [0x00000000d5900000,0x00000000dc700000,0x00000000dc700000)
  from space 231424K, 45% used [0x00000000dc700000,0x00000000e2e9c3b8,0x00000000ea900000)
  to   space 231424K, 0% used [0x00000000ec200000,0x00000000ec200000,0x00000000fa400000)
 ParOldGen       total 1391616K, used 1391531K [0x0000000080a00000, 0x00000000d5900000, 0x00000000d5900000)
  object space 1391616K, 99% used [0x0000000080a00000,0x00000000d58eadf8,0x00000000d5900000)
 Metaspace       used 8828K, capacity 9004K, committed 9088K, reserved 1056768K
  class space    used 1058K, capacity 1120K, committed 1152K, reserved 1048576K
Event: 343.362 GC heap after
Heap after GC invocations=97 (full 69):
 PSYoungGen      total 344064K, used 218736K [0x00000000d5900000, 0x00000000fa400000, 0x0000000100000000)
  eden space 112640K, 100% used [0x00000000d5900000,0x00000000dc700000,0x00000000dc700000)
  from space 231424K, 45% used [0x00000000dc700000,0x00000000e2e9c3b8,0x00000000ea900000)
  to   space 231424K, 0% used [0x00000000ec200000,0x00000000ec200000,0x00000000fa400000)
 ParOldGen       total 1391616K, used 1391531K [0x0000000080a00000, 0x00000000d5900000, 0x00000000d5900000)
  object space 1391616K, 99% used [0x0000000080a00000,0x00000000d58eade0,0x00000000d5900000)
 Metaspace       used 8828K, capacity 9004K, committed 9088K, reserved 1056768K
  class space    used 1058K, capacity 1120K, committed 1152K, reserved 1048576K
}
Event: 343.363 GC heap before
{Heap before GC invocations=98 (full 70):
 PSYoungGen      total 344064K, used 218736K [0x00000000d5900000, 0x00000000fa400000, 0x0000000100000000)
  eden space 112640K, 100% used [0x00000000d5900000,0x00000000dc700000,0x00000000dc700000)
  from space 231424K, 45% used [0x00000000dc700000,0x00000000e2e9c3b8,0x00000000ea900000)
  to   space 231424K, 0% used [0x00000000ec200000,0x00000000ec200000,0x00000000fa400000)
 ParOldGen       total 1391616K, used 1391533K [0x0000000080a00000, 0x00000000d5900000, 0x00000000d5900000)
  object space 1391616K, 99% used [0x0000000080a00000,0x00000000d58eb658,0x00000000d5900000)
 Metaspace       used 8828K, capacity 9004K, committed 9088K, reserved 1056768K
  class space    used 1058K, capacity 1120K, committed 1152K, reserved 1048576K
Event: 348.467 GC heap after
Heap after GC invocations=98 (full 70):
 PSYoungGen      total 344064K, used 218736K [0x00000000d5900000, 0x00000000fa400000, 0x0000000100000000)
  eden space 112640K, 100% used [0x00000000d5900000,0x00000000dc700000,0x00000000dc700000)
  from space 231424K, 45% used [0x00000000dc700000,0x00000000e2e9c3b8,0x00000000ea900000)
  to   space 231424K, 0% used [0x00000000ec200000,0x00000000ec200000,0x00000000fa400000)
 ParOldGen       total 1391616K, used 1391533K [0x0000000080a00000, 0x00000000d5900000, 0x00000000d5900000)
  object space 1391616K, 99% used [0x0000000080a00000,0x00000000d58eb630,0x00000000d5900000)
 Metaspace       used 8828K, capacity 9004K, committed 9088K, reserved 1056768K
  class space    used 1058K, capacity 1120K, committed 1152K, reserved 1048576K
}
Event: 348.467 GC heap before
{Heap before GC invocations=99 (full 71):
 PSYoungGen      total 344064K, used 218736K [0x00000000d5900000, 0x00000000fa400000, 0x0000000100000000)
  eden space 112640K, 100% used [0x00000000d5900000,0x00000000dc700000,0x00000000dc700000)
  from space 231424K, 45% used [0x00000000dc700000,0x00000000e2e9c3b8,0x00000000ea900000)
  to   space 231424K, 0% used [0x00000000ec200000,0x00000000ec200000,0x00000000fa400000)
 ParOldGen       total 1391616K, used 1391535K [0x0000000080a00000, 0x00000000d5900000, 0x00000000d5900000)
  object space 1391616K, 99% used [0x0000000080a00000,0x00000000d58ebec8,0x00000000d5900000)
 Metaspace       used 8828K, capacity 9004K, committed 9088K, reserved 1056768K
  class space    used 1058K, capacity 1120K, committed 1152K, reserved 1048576K
Event: 353.960 GC heap after
Heap after GC invocations=99 (full 71):
 PSYoungGen      total 344064K, used 218736K [0x00000000d5900000, 0x00000000fa400000, 0x0000000100000000)
  eden space 112640K, 100% used [0x00000000d5900000,0x00000000dc700000,0x00000000dc700000)
  from space 231424K, 45% used [0x00000000dc700000,0x00000000e2e9c3b8,0x00000000ea900000)
  to   space 231424K, 0% used [0x00000000ec200000,0x00000000ec200000,0x00000000fa400000)
 ParOldGen       total 1391616K, used 1391535K [0x0000000080a00000, 0x00000000d5900000, 0x00000000d5900000)
  object space 1391616K, 99% used [0x0000000080a00000,0x00000000d58ebea0,0x00000000d5900000)
 Metaspace       used 8828K, capacity 9004K, committed 9088K, reserved 1056768K
  class space    used 1058K, capacity 1120K, committed 1152K, reserved 1048576K
}
Event: 353.960 GC heap before
{Heap before GC invocations=100 (full 72):
 PSYoungGen      total 344064K, used 218736K [0x00000000d5900000, 0x00000000fa400000, 0x0000000100000000)
  eden space 112640K, 100% used [0x00000000d5900000,0x00000000dc700000,0x00000000dc700000)
  from space 231424K, 45% used [0x00000000dc700000,0x00000000e2e9c3b8,0x00000000ea900000)
  to   space 231424K, 0% used [0x00000000ec200000,0x00000000ec200000,0x00000000fa400000)
 ParOldGen       total 1391616K, used 1391537K [0x0000000080a00000, 0x00000000d5900000, 0x00000000d5900000)
  object space 1391616K, 99% used [0x0000000080a00000,0x00000000d58ec738,0x00000000d5900000)
 Metaspace       used 8828K, capacity 9004K, committed 9088K, reserved 1056768K
  class space    used 1058K, capacity 1120K, committed 1152K, reserved 1048576K
Event: 358.884 GC heap after
Heap after GC invocations=100 (full 72):
 PSYoungGen      total 344064K, used 218736K [0x00000000d5900000, 0x00000000fa400000, 0x0000000100000000)
  eden space 112640K, 100% used [0x00000000d5900000,0x00000000dc700000,0x00000000dc700000)
  from space 231424K, 45% used [0x00000000dc700000,0x00000000e2e9c3b8,0x00000000ea900000)
  to   space 231424K, 0% used [0x00000000ec200000,0x00000000ec200000,0x00000000fa400000)
 ParOldGen       total 1391616K, used 1391537K [0x0000000080a00000, 0x00000000d5900000, 0x00000000d5900000)
  object space 1391616K, 99% used [0x0000000080a00000,0x00000000d58ec710,0x00000000d5900000)
 Metaspace       used 8828K, capacity 9004K, committed 9088K, reserved 1056768K
  class space    used 1058K, capacity 1120K, committed 1152K, reserved 1048576K
}
Event: 358.885 GC heap before
{Heap before GC invocations=101 (full 73):
 PSYoungGen      total 344064K, used 218736K [0x00000000d5900000, 0x00000000fa400000, 0x0000000100000000)
  eden space 112640K, 100% used [0x00000000d5900000,0x00000000dc700000,0x00000000dc700000)
  from space 231424K, 45% used [0x00000000dc700000,0x00000000e2e9c3b8,0x00000000ea900000)
  to   space 231424K, 0% used [0x00000000ec200000,0x00000000ec200000,0x00000000fa400000)
 ParOldGen       total 1391616K, used 1391539K [0x0000000080a00000, 0x00000000d5900000, 0x00000000d5900000)
  object space 1391616K, 99% used [0x0000000080a00000,0x00000000d58ecf88,0x00000000d5900000)
 Metaspace       used 8828K, capacity 9004K, committed 9088K, reserved 1056768K
  class space    used 1058K, capacity 1120K, committed 1152K, reserved 1048576K

