# JRE version: Java(TM) SE Runtime Environment (8.0_111-b14) (build 1.8.0_111-b14)
# Java VM: Java HotSpot(TM) 64-Bit Server VM (25.111-b14 mixed mode windows-amd64 compressed oops)
Heap:
 PSYoungGen      total 442368K, used 210943K [0x00000000d5900000, 0x0000000100000000, 0x0000000100000000)
  eden space 210944K, 99% used [0x00000000d5900000,0x00000000e26ffff0,0x00000000e2700000)
  from space 231424K, 0% used [0x00000000e2700000,0x00000000e2700000,0x00000000f0900000)
  to   space 231424K, 0% used [0x00000000f1e00000,0x00000000f1e00000,0x0000000100000000)
 ParOldGen       total 1391616K, used 1391424K [0x0000000080a00000, 0x00000000d5900000, 0x00000000d5900000)
  object space 1391616K, 99% used [0x0000000080a00000,0x00000000d58d0010,0x00000000d5900000)
 Metaspace       used 8402K, capacity 8598K, committed 8832K, reserved 1056768K
  class space    used 1000K, capacity 1093K, committed 1152K, reserved 1048576K
GC Heap History (10 events):
Event: 44.634 GC heap after
Heap after GC invocations=19 (full 6):
 PSYoungGen      total 442368K, used 89699K [0x00000000d5900000, 0x0000000100000000, 0x0000000100000000)
  eden space 210944K, 0% used [0x00000000d5900000,0x00000000d5900000,0x00000000e2700000)
  from space 231424K, 38% used [0x00000000e2700000,0x00000000e7e98ce8,0x00000000f0900000)
  to   space 231424K, 0% used [0x00000000f1e00000,0x00000000f1e00000,0x0000000100000000)
 ParOldGen       total 1391616K, used 1294156K [0x0000000080a00000, 0x00000000d5900000, 0x00000000d5900000)
  object space 1391616K, 92% used [0x0000000080a00000,0x00000000cf9d3300,0x00000000d5900000)
 Metaspace       used 8402K, capacity 8598K, committed 8832K, reserved 1056768K
  class space    used 1000K, capacity 1093K, committed 1152K, reserved 1048576K
}
Event: 44.754 GC heap before
{Heap before GC invocations=20 (full 7):
 PSYoungGen      total 442368K, used 300643K [0x00000000d5900000, 0x0000000100000000, 0x0000000100000000)
  eden space 210944K, 100% used [0x00000000d5900000,0x00000000e2700000,0x00000000e2700000)
  from space 231424K, 38% used [0x00000000e2700000,0x00000000e7e98ce8,0x00000000f0900000)
  to   space 231424K, 0% used [0x00000000f1e00000,0x00000000f1e00000,0x0000000100000000)
 ParOldGen       total 1391616K, used 1294156K [0x0000000080a00000, 0x00000000d5900000, 0x00000000d5900000)
  object space 1391616K, 92% used [0x0000000080a00000,0x00000000cf9d3300,0x00000000d5900000)
 Metaspace       used 8402K, capacity 8598K, committed 8832K, reserved 1056768K
  class space    used 1000K, capacity 1093K, committed 1152K, reserved 1048576K
Event: 49.763 GC heap after
Heap after GC invocations=20 (full 7):
 PSYoungGen      total 442368K, used 203362K [0x00000000d5900000, 0x0000000100000000, 0x0000000100000000)
  eden space 210944K, 96% used [0x00000000d5900000,0x00000000e1f98970,0x00000000e2700000)
  from space 231424K, 0% used [0x00000000e2700000,0x00000000e2700000,0x00000000f0900000)
  to   space 231424K, 0% used [0x00000000f1e00000,0x00000000f1e00000,0x0000000100000000)
 ParOldGen       total 1391616K, used 1391424K [0x0000000080a00000, 0x00000000d5900000, 0x00000000d5900000)
  object space 1391616K, 99% used [0x0000000080a00000,0x00000000d58d0010,0x00000000d5900000)
 Metaspace       used 8402K, capacity 8598K, committed 8832K, reserved 1056768K
  class space    used 1000K, capacity 1093K, committed 1152K, reserved 1048576K
}
Event: 49.767 GC heap before
{Heap before GC invocations=21 (full 8):
 PSYoungGen      total 442368K, used 210944K [0x00000000d5900000, 0x0000000100000000, 0x0000000100000000)
  eden space 210944K, 100% used [0x00000000d5900000,0x00000000e2700000,0x00000000e2700000)
  from space 231424K, 0% used [0x00000000e2700000,0x00000000e2700000,0x00000000f0900000)
  to   space 231424K, 0% used [0x00000000f1e00000,0x00000000f1e00000,0x0000000100000000)
 ParOldGen       total 1391616K, used 1391424K [0x0000000080a00000, 0x00000000d5900000, 0x00000000d5900000)
  object space 1391616K, 99% used [0x0000000080a00000,0x00000000d58d0010,0x00000000d5900000)
 Metaspace       used 8402K, capacity 8598K, committed 8832K, reserved 1056768K
  class space    used 1000K, capacity 1093K, committed 1152K, reserved 1048576K
Event: 54.295 GC heap after
Heap after GC invocations=21 (full 8):
 PSYoungGen      total 442368K, used 210936K [0x00000000d5900000, 0x0000000100000000, 0x0000000100000000)
  eden space 210944K, 99% used [0x00000000d5900000,0x00000000e26fe090,0x00000000e2700000)
  from space 231424K, 0% used [0x00000000e2700000,0x00000000e2700000,0x00000000f0900000)
  to   space 231424K, 0% used [0x00000000f1e00000,0x00000000f1e00000,0x0000000100000000)
 ParOldGen       total 1391616K, used 1391424K [0x0000000080a00000, 0x00000000d5900000, 0x00000000d5900000)
  object space 1391616K, 99% used [0x0000000080a00000,0x00000000d58d0010,0x00000000d5900000)
 Metaspace       used 8402K, capacity 8598K, committed 8832K, reserved 1056768K
  class space    used 1000K, capacity 1093K, committed 1152K, reserved 1048576K
}
Event: 54.295 GC heap before
{Heap before GC invocations=22 (full 9):
 PSYoungGen      total 442368K, used 210944K [0x00000000d5900000, 0x0000000100000000, 0x0000000100000000)
  eden space 210944K, 100% used [0x00000000d5900000,0x00000000e2700000,0x00000000e2700000)
  from space 231424K, 0% used [0x00000000e2700000,0x00000000e2700000,0x00000000f0900000)
  to   space 231424K, 0% used [0x00000000f1e00000,0x00000000f1e00000,0x0000000100000000)
 ParOldGen       total 1391616K, used 1391424K [0x0000000080a00000, 0x00000000d5900000, 0x00000000d5900000)
  object space 1391616K, 99% used [0x0000000080a00000,0x00000000d58d0010,0x00000000d5900000)
 Metaspace       used 8402K, capacity 8598K, committed 8832K, reserved 1056768K
  class space    used 1000K, capacity 1093K, committed 1152K, reserved 1048576K
Event: 58.916 GC heap after
Heap after GC invocations=22 (full 9):
 PSYoungGen      total 442368K, used 210938K [0x00000000d5900000, 0x0000000100000000, 0x0000000100000000)
  eden space 210944K, 99% used [0x00000000d5900000,0x00000000e26feb88,0x00000000e2700000)
  from space 231424K, 0% used [0x00000000e2700000,0x00000000e2700000,0x00000000f0900000)
  to   space 231424K, 0% used [0x00000000f1e00000,0x00000000f1e00000,0x0000000100000000)
 ParOldGen       total 1391616K, used 1391424K [0x0000000080a00000, 0x00000000d5900000, 0x00000000d5900000)
  object space 1391616K, 99% used [0x0000000080a00000,0x00000000d58d0010,0x00000000d5900000)
 Metaspace       used 8402K, capacity 8598K, committed 8832K, reserved 1056768K
  class space    used 1000K, capacity 1093K, committed 1152K, reserved 1048576K
}
Event: 58.916 GC heap before
{Heap before GC invocations=23 (full 10):
 PSYoungGen      total 442368K, used 210944K [0x00000000d5900000, 0x0000000100000000, 0x0000000100000000)
  eden space 210944K, 100% used [0x00000000d5900000,0x00000000e2700000,0x00000000e2700000)
  from space 231424K, 0% used [0x00000000e2700000,0x00000000e2700000,0x00000000f0900000)
  to   space 231424K, 0% used [0x00000000f1e00000,0x00000000f1e00000,0x0000000100000000)
 ParOldGen       total 1391616K, used 1391424K [0x0000000080a00000, 0x00000000d5900000, 0x00000000d5900000)
  object space 1391616K, 99% used [0x0000000080a00000,0x00000000d58d0010,0x00000000d5900000)
 Metaspace       used 8402K, capacity 8598K, committed 8832K, reserved 1056768K
  class space    used 1000K, capacity 1093K, committed 1152K, reserved 1048576K
Event: 63.514 GC heap after
Heap after GC invocations=23 (full 10):
 PSYoungGen      total 442368K, used 210943K [0x00000000d5900000, 0x0000000100000000, 0x0000000100000000)
  eden space 210944K, 99% used [0x00000000d5900000,0x00000000e26fffe0,0x00000000e2700000)
  from space 231424K, 0% used [0x00000000e2700000,0x00000000e2700000,0x00000000f0900000)
  to   space 231424K, 0% used [0x00000000f1e00000,0x00000000f1e00000,0x0000000100000000)
 ParOldGen       total 1391616K, used 1391424K [0x0000000080a00000, 0x00000000d5900000, 0x00000000d5900000)
  object space 1391616K, 99% used [0x0000000080a00000,0x00000000d58d0010,0x00000000d5900000)
 Metaspace       used 8402K, capacity 8598K, committed 8832K, reserved 1056768K
  class space    used 1000K, capacity 1093K, committed 1152K, reserved 1048576K
}
Event: 63.515 GC heap before
{Heap before GC invocations=24 (full 11):
 PSYoungGen      total 442368K, used 210943K [0x00000000d5900000, 0x0000000100000000, 0x0000000100000000)
  eden space 210944K, 99% used [0x00000000d5900000,0x00000000e26ffff0,0x00000000e2700000)
  from space 231424K, 0% used [0x00000000e2700000,0x00000000e2700000,0x00000000f0900000)
  to   space 231424K, 0% used [0x00000000f1e00000,0x00000000f1e00000,0x0000000100000000)
 ParOldGen       total 1391616K, used 1391424K [0x0000000080a00000, 0x00000000d5900000, 0x00000000d5900000)
  object space 1391616K, 99% used [0x0000000080a00000,0x00000000d58d0010,0x00000000d5900000)
 Metaspace       used 8402K, capacity 8598K, committed 8832K, reserved 1056768K
  class space    used 1000K, capacity 1093K, committed 1152K, reserved 1048576K

