# JRE version: Java(TM) SE Runtime Environment (8.0_111-b14) (build 1.8.0_111-b14)
# Java VM: Java HotSpot(TM) 64-Bit Server VM (25.111-b14 mixed mode windows-amd64 compressed oops)
Heap:
 PSYoungGen      total 463872K, used 327182K [0x00000000d5900000, 0x0000000100000000, 0x0000000100000000)
  eden space 232448K, 99% used [0x00000000d5900000,0x00000000e3bffff8,0x00000000e3c00000)
  from space 231424K, 40% used [0x00000000f1e00000,0x00000000f7a839e0,0x0000000100000000)
  to   space 231424K, 0% used [0x00000000e3c00000,0x00000000e3c00000,0x00000000f1e00000)
 ParOldGen       total 1391616K, used 1391161K [0x0000000080a00000, 0x00000000d5900000, 0x00000000d5900000)
  object space 1391616K, 99% used [0x0000000080a00000,0x00000000d588e770,0x00000000d5900000)
 Metaspace       used 8473K, capacity 8662K, committed 8832K, reserved 1056768K
  class space    used 1021K, capacity 1093K, committed 1152K, reserved 1048576K
GC Heap History (10 events):
Event: 54.673 GC heap after
Heap after GC invocations=22 (full 8):
 PSYoungGen      total 463872K, used 327182K [0x00000000d5900000, 0x0000000100000000, 0x0000000100000000)
  eden space 232448K, 99% used [0x00000000d5900000,0x00000000e3bfffe0,0x00000000e3c00000)
  from space 231424K, 40% used [0x00000000f1e00000,0x00000000f7a839e0,0x0000000100000000)
  to   space 231424K, 0% used [0x00000000e3c00000,0x00000000e3c00000,0x00000000f1e00000)
 ParOldGen       total 1391616K, used 1391155K [0x0000000080a00000, 0x00000000d5900000, 0x00000000d5900000)
  object space 1391616K, 99% used [0x0000000080a00000,0x00000000d588cfa8,0x00000000d5900000)
 Metaspace       used 8473K, capacity 8662K, committed 8832K, reserved 1056768K
  class space    used 1021K, capacity 1093K, committed 1152K, reserved 1048576K
}
Event: 54.674 GC heap before
{Heap before GC invocations=23 (full 9):
 PSYoungGen      total 463872K, used 327182K [0x00000000d5900000, 0x0000000100000000, 0x0000000100000000)
  eden space 232448K, 99% used [0x00000000d5900000,0x00000000e3bffff8,0x00000000e3c00000)
  from space 231424K, 40% used [0x00000000f1e00000,0x00000000f7a839e0,0x0000000100000000)
  to   space 231424K, 0% used [0x00000000e3c00000,0x00000000e3c00000,0x00000000f1e00000)
 ParOldGen       total 1391616K, used 1391155K [0x0000000080a00000, 0x00000000d5900000, 0x00000000d5900000)
  object space 1391616K, 99% used [0x0000000080a00000,0x00000000d588cfa8,0x00000000d5900000)
 Metaspace       used 8473K, capacity 8662K, committed 8832K, reserved 1056768K
  class space    used 1021K, capacity 1093K, committed 1152K, reserved 1048576K
Event: 59.482 GC heap after
Heap after GC invocations=23 (full 9):
 PSYoungGen      total 463872K, used 327182K [0x00000000d5900000, 0x0000000100000000, 0x0000000100000000)
  eden space 232448K, 99% used [0x00000000d5900000,0x00000000e3bffff8,0x00000000e3c00000)
  from space 231424K, 40% used [0x00000000f1e00000,0x00000000f7a839e0,0x0000000100000000)
  to   space 231424K, 0% used [0x00000000e3c00000,0x00000000e3c00000,0x00000000f1e00000)
 ParOldGen       total 1391616K, used 1391155K [0x0000000080a00000, 0x00000000d5900000, 0x00000000d5900000)
  object space 1391616K, 99% used [0x0000000080a00000,0x00000000d588cfa8,0x00000000d5900000)
 Metaspace       used 8473K, capacity 8662K, committed 8832K, reserved 1056768K
  class space    used 1021K, capacity 1093K, committed 1152K, reserved 1048576K
}
Event: 59.482 GC heap before
{Heap before GC invocations=24 (full 10):
 PSYoungGen      total 463872K, used 327182K [0x00000000d5900000, 0x0000000100000000, 0x0000000100000000)
  eden space 232448K, 99% used [0x00000000d5900000,0x00000000e3bffff8,0x00000000e3c00000)
  from space 231424K, 40% used [0x00000000f1e00000,0x00000000f7a839e0,0x0000000100000000)
  to   space 231424K, 0% used [0x00000000e3c00000,0x00000000e3c00000,0x00000000f1e00000)
 ParOldGen       total 1391616K, used 1391157K [0x0000000080a00000, 0x00000000d5900000, 0x00000000d5900000)
  object space 1391616K, 99% used [0x0000000080a00000,0x00000000d588d5a0,0x00000000d5900000)
 Metaspace       used 8473K, capacity 8662K, committed 8832K, reserved 1056768K
  class space    used 1021K, capacity 1093K, committed 1152K, reserved 1048576K
Event: 65.634 GC heap after
Heap after GC invocations=24 (full 10):
 PSYoungGen      total 463872K, used 327182K [0x00000000d5900000, 0x0000000100000000, 0x0000000100000000)
  eden space 232448K, 99% used [0x00000000d5900000,0x00000000e3bffff8,0x00000000e3c00000)
  from space 231424K, 40% used [0x00000000f1e00000,0x00000000f7a839e0,0x0000000100000000)
  to   space 231424K, 0% used [0x00000000e3c00000,0x00000000e3c00000,0x00000000f1e00000)
 ParOldGen       total 1391616K, used 1391157K [0x0000000080a00000, 0x00000000d5900000, 0x00000000d5900000)
  object space 1391616K, 99% used [0x0000000080a00000,0x00000000d588d578,0x00000000d5900000)
 Metaspace       used 8473K, capacity 8662K, committed 8832K, reserved 1056768K
  class space    used 1021K, capacity 1093K, committed 1152K, reserved 1048576K
}
Event: 65.635 GC heap before
{Heap before GC invocations=25 (full 11):
 PSYoungGen      total 463872K, used 327182K [0x00000000d5900000, 0x0000000100000000, 0x0000000100000000)
  eden space 232448K, 99% used [0x00000000d5900000,0x00000000e3bffff8,0x00000000e3c00000)
  from space 231424K, 40% used [0x00000000f1e00000,0x00000000f7a839e0,0x0000000100000000)
  to   space 231424K, 0% used [0x00000000e3c00000,0x00000000e3c00000,0x00000000f1e00000)
 ParOldGen       total 1391616K, used 1391158K [0x0000000080a00000, 0x00000000d5900000, 0x00000000d5900000)
  object space 1391616K, 99% used [0x0000000080a00000,0x00000000d588db70,0x00000000d5900000)
 Metaspace       used 8473K, capacity 8662K, committed 8832K, reserved 1056768K
  class space    used 1021K, capacity 1093K, committed 1152K, reserved 1048576K
Event: 70.646 GC heap after
Heap after GC invocations=25 (full 11):
 PSYoungGen      total 463872K, used 327182K [0x00000000d5900000, 0x0000000100000000, 0x0000000100000000)
  eden space 232448K, 99% used [0x00000000d5900000,0x00000000e3bffff8,0x00000000e3c00000)
  from space 231424K, 40% used [0x00000000f1e00000,0x00000000f7a839e0,0x0000000100000000)
  to   space 231424K, 0% used [0x00000000e3c00000,0x00000000e3c00000,0x00000000f1e00000)
 ParOldGen       total 1391616K, used 1391158K [0x0000000080a00000, 0x00000000d5900000, 0x00000000d5900000)
  object space 1391616K, 99% used [0x0000000080a00000,0x00000000d588db70,0x00000000d5900000)
 Metaspace       used 8473K, capacity 8662K, committed 8832K, reserved 1056768K
  class space    used 1021K, capacity 1093K, committed 1152K, reserved 1048576K
}
Event: 70.646 GC heap before
{Heap before GC invocations=26 (full 12):
 PSYoungGen      total 463872K, used 327182K [0x00000000d5900000, 0x0000000100000000, 0x0000000100000000)
  eden space 232448K, 99% used [0x00000000d5900000,0x00000000e3bffff8,0x00000000e3c00000)
  from space 231424K, 40% used [0x00000000f1e00000,0x00000000f7a839e0,0x0000000100000000)
  to   space 231424K, 0% used [0x00000000e3c00000,0x00000000e3c00000,0x00000000f1e00000)
 ParOldGen       total 1391616K, used 1391160K [0x0000000080a00000, 0x00000000d5900000, 0x00000000d5900000)
  object space 1391616K, 99% used [0x0000000080a00000,0x00000000d588e170,0x00000000d5900000)
 Metaspace       used 8473K, capacity 8662K, committed 8832K, reserved 1056768K
  class space    used 1021K, capacity 1093K, committed 1152K, reserved 1048576K
Event: 75.367 GC heap after
Heap after GC invocations=26 (full 12):
 PSYoungGen      total 463872K, used 327182K [0x00000000d5900000, 0x0000000100000000, 0x0000000100000000)
  eden space 232448K, 99% used [0x00000000d5900000,0x00000000e3bffff8,0x00000000e3c00000)
  from space 231424K, 40% used [0x00000000f1e00000,0x00000000f7a839e0,0x0000000100000000)
  to   space 231424K, 0% used [0x00000000e3c00000,0x00000000e3c00000,0x00000000f1e00000)
 ParOldGen       total 1391616K, used 1391160K [0x0000000080a00000, 0x00000000d5900000, 0x00000000d5900000)
  object space 1391616K, 99% used [0x0000000080a00000,0x00000000d588e170,0x00000000d5900000)
 Metaspace       used 8473K, capacity 8662K, committed 8832K, reserved 1056768K
  class space    used 1021K, capacity 1093K, committed 1152K, reserved 1048576K
}
Event: 75.367 GC heap before
{Heap before GC invocations=27 (full 13):
 PSYoungGen      total 463872K, used 327182K [0x00000000d5900000, 0x0000000100000000, 0x0000000100000000)
  eden space 232448K, 99% used [0x00000000d5900000,0x00000000e3bffff8,0x00000000e3c00000)
  from space 231424K, 40% used [0x00000000f1e00000,0x00000000f7a839e0,0x0000000100000000)
  to   space 231424K, 0% used [0x00000000e3c00000,0x00000000e3c00000,0x00000000f1e00000)
 ParOldGen       total 1391616K, used 1391161K [0x0000000080a00000, 0x00000000d5900000, 0x00000000d5900000)
  object space 1391616K, 99% used [0x0000000080a00000,0x00000000d588e770,0x00000000d5900000)
 Metaspace       used 8473K, capacity 8662K, committed 8832K, reserved 1056768K
  class space    used 1021K, capacity 1093K, committed 1152K, reserved 1048576K

